<?xml version="1.0"?>
<testsuites>
  <testsuite name="Chrome 27.0 (Linux)" package="" timestamp="2013-04-10T11:34:42" id="0" hostname="serpro-1525727" tests="6" errors="0" failures="0" time="0.031">
    <properties>
      <property name="browser.fullName" value="Mozilla/5.0 (X11; Linux i686) AppleWebKit/537.36 (KHTML, like Gecko) Chrome/27.0.1453.15 Safari/537.36"/>
    </properties>
    <testcase name="not show Criar form on init" time="0.02" classname="Chrome 27.0 (Linux).Kanban controllers KanbanCtrl Create a new kanban"/>
    <testcase name="should create &quot;kanban&quot; from template" time="0.004" classname="Chrome 27.0 (Linux).Kanban controllers KanbanCtrl Create a new kanban"/>
    <testcase name="have no kanban on init" time="0.001" classname="Chrome 27.0 (Linux).Kanban controllers KanbanCtrl Create a new kanban"/>
    <testcase name="have no kanban at init" time="0.002" classname="Chrome 27.0 (Linux).Kanban controllers KanbanCtrl Create a new kanban"/>
    <testcase name="create a new kanban with a name" time="0.003" classname="Chrome 27.0 (Linux).Kanban controllers KanbanCtrl Create a new kanban"/>
    <testcase name="should replace new lines" time="0.001" classname="Chrome 27.0 (Linux).Kanban filters newlines"/>
    <system-out><![CDATA[
]]></system-out>
    <system-err/>
  </testsuite>
  <testsuite name="Chrome 27.0 (Linux)" package="" timestamp="2013-04-10T11:34:42" id="0" hostname="serpro-1525727" tests="6" errors="0" failures="0" time="0.025">
    <properties>
      <property name="browser.fullName" value="Mozilla/5.0 (X11; Linux i686) AppleWebKit/537.36 (KHTML, like Gecko) Chrome/27.0.1453.15 Safari/537.36"/>
    </properties>
    <testcase name="not show Criar form on init" time="0.013" classname="Chrome 27.0 (Linux).Kanban controllers KanbanCtrl Create a new kanban"/>
    <testcase name="should create &quot;kanban&quot; from template" time="0.003" classname="Chrome 27.0 (Linux).Kanban controllers KanbanCtrl Create a new kanban"/>
    <testcase name="have no kanban on init" time="0.002" classname="Chrome 27.0 (Linux).Kanban controllers KanbanCtrl Create a new kanban"/>
    <testcase name="have no kanban at init" time="0.002" classname="Chrome 27.0 (Linux).Kanban controllers KanbanCtrl Create a new kanban"/>
    <testcase name="create a new kanban with a name" time="0.002" classname="Chrome 27.0 (Linux).Kanban controllers KanbanCtrl Create a new kanban"/>
    <testcase name="should replace new lines" time="0.003" classname="Chrome 27.0 (Linux).Kanban filters newlines"/>
    <system-out><![CDATA[
]]></system-out>
    <system-err/>
  </testsuite>
</testsuites>
